<?xml version="1.0" encoding="UTF-8"?>
<!-- Generated by org.testng.reporters.JUnitReportReporter -->
<testsuite skipped="0" hostname="Chaitalis-MacBook-Pro.local" name="com.w2a.testcases.BankManagerLoginTest" tests="1" failures="0" timestamp="16 Sep 2020 18:22:01 GMT" time="0.887" errors="0">
  <testcase name="bankManagerLoginTest" time="0.887" classname="com.w2a.testcases.BankManagerLoginTest"/>
</testsuite> <!-- com.w2a.testcases.BankManagerLoginTest -->
